<?xml version="1.0" encoding="UTF-8"?>
<!-- Generated by org.testng.reporters.JUnitXMLReporter -->
<testsuite hostname="VICKY" name="Test Maven Testing" tests="8" failures="0" timestamp="22 Nov 2018 19:13:13 GMT" time="29.896" errors="0">
  <testcase name="testFB" time="0.012" classname="com.qa.test.demoTest"/>
  <testcase name="testGmail" time="0.001" classname="com.qa.test.demoTest"/>
  <testcase name="testFB1" time="0.001" classname="com.qa.test.demoTest1"/>
  <testcase name="testGmail1" time="0.001" classname="com.qa.test.demoTest1"/>
  <testcase name="testFB2" time="0.0" classname="com.qa.test.demoTest2"/>
  <testcase name="testGmail2" time="0.0" classname="com.qa.test.demoTest2"/>
  <testcase name="getFreeCrmTitleTest" time="0.027" classname="com.qa.test.loginTest"/>
  <testcase name="getLogoTest" time="0.13" classname="com.qa.test.loginTest"/>
</testsuite> <!-- Test Maven Testing -->
